[START compile Sat Jun 20 02:14:33 ESAST 2026]
TBBmalloc: skip allocation functions replacement in ucrtbase.dll: unknown prologue for function _msize
Info: *******************************************************************
Info: Running Quartus Prime Shell
    Info: Version 22.1std.2 Build 922 07/20/2023 SC Lite Edition
    Info: Copyright (C) 2023  Intel Corporation. All rights reserved.
    Info: Your use of Intel Corporation's design tools, logic functions 
    Info: and other software and tools, and any partner logic 
    Info: functions, and any output files from any of the foregoing 
    Info: (including device programming or simulation files), and any 
    Info: associated documentation or information are expressly subject 
    Info: to the terms and conditions of the Intel Program License 
    Info: Subscription Agreement, the Intel Quartus Prime License Agreement,
    Info: the Intel FPGA IP License Agreement, or other applicable license
    Info: agreement, including, without limitation, that your use is for
    Info: the sole purpose of programming logic devices manufactured by
    Info: Intel and sold by Intel or its authorized distributors.  Please
    Info: refer to the applicable agreement for further details, at
    Info: https://fpgasoftware.intel.com/eula.
    Info: Processing started: Sat Jun 20 02:14:33 2026
Info: Command: quartus_sh --flow compile riscv_de10lite
Info: Quartus(args): compile riscv_de10lite
Info: Project Name = C:/Users/joaom/Documents/Trab_AOC/riscv_de10lite
Info: Revision Name = riscv_de10lite
Info: *******************************************************************
Info: Running Quartus Prime Analysis & Synthesis
    Info: Version 22.1std.2 Build 922 07/20/2023 SC Lite Edition
    Info: Processing started: Sat Jun 20 02:14:34 2026
Info: Command: quartus_map --read_settings_files=on --write_settings_files=off riscv_de10lite -c riscv_de10lite
Warning (18236): Number of processors has not been specified which may cause overloading on shared machines.  Set the global assignment NUM_PARALLEL_PROCESSORS in your QSF to an appropriate value for best performance.
Info (20030): Parallel compilation is enabled and will use 4 of the 4 processors detected
Info (12021): Found 1 design units, including 0 entities, in source file src/cpu/riscv_pkg.vhd
    Info (12022): Found design unit 1: riscv_pkg File: C:/Users/joaom/Documents/Trab_AOC/src/cpu/riscv_pkg.vhd Line: 13
Info (12021): Found 1 design units, including 0 entities, in source file mem/calc_rom_pkg.vhd
    Info (12022): Found design unit 1: calc_rom_pkg File: C:/Users/joaom/Documents/Trab_AOC/mem/calc_rom_pkg.vhd Line: 7
Info (12021): Found 2 design units, including 1 entities, in source file src/alu/alu.vhd
    Info (12022): Found design unit 1: alu-rtl File: C:/Users/joaom/Documents/Trab_AOC/src/alu/alu.vhd Line: 45
    Info (12023): Found entity 1: alu File: C:/Users/joaom/Documents/Trab_AOC/src/alu/alu.vhd Line: 32
Info (12021): Found 2 design units, including 1 entities, in source file src/cpu/regfile.vhd
    Info (12022): Found design unit 1: regfile-rtl File: C:/Users/joaom/Documents/Trab_AOC/src/cpu/regfile.vhd Line: 42
    Info (12023): Found entity 1: regfile File: C:/Users/joaom/Documents/Trab_AOC/src/cpu/regfile.vhd Line: 23
Info (12021): Found 2 design units, including 1 entities, in source file src/cpu/imm_gen.vhd
    Info (12022): Found design unit 1: imm_gen-rtl File: C:/Users/joaom/Documents/Trab_AOC/src/cpu/imm_gen.vhd Line: 32
    Info (12023): Found entity 1: imm_gen File: C:/Users/joaom/Documents/Trab_AOC/src/cpu/imm_gen.vhd Line: 24
Info (12021): Found 2 design units, including 1 entities, in source file src/cpu/control.vhd
    Info (12022): Found design unit 1: control-rtl File: C:/Users/joaom/Documents/Trab_AOC/src/cpu/control.vhd Line: 39
    Info (12023): Found entity 1: control File: C:/Users/joaom/Documents/Trab_AOC/src/cpu/control.vhd Line: 19
Info (12021): Found 2 design units, including 1 entities, in source file src/cpu/branch_unit.vhd
    Info (12022): Found design unit 1: branch_unit-rtl File: C:/Users/joaom/Documents/Trab_AOC/src/cpu/branch_unit.vhd Line: 29
    Info (12023): Found entity 1: branch_unit File: C:/Users/joaom/Documents/Trab_AOC/src/cpu/branch_unit.vhd Line: 19
Info (12021): Found 2 design units, including 1 entities, in source file src/cpu/imem.vhd
    Info (12022): Found design unit 1: imem-rtl File: C:/Users/joaom/Documents/Trab_AOC/src/cpu/imem.vhd Line: 30
    Info (12023): Found entity 1: imem File: C:/Users/joaom/Documents/Trab_AOC/src/cpu/imem.vhd Line: 19
Info (12021): Found 2 design units, including 1 entities, in source file src/cpu/dmem.vhd
    Info (12022): Found design unit 1: dmem-rtl File: C:/Users/joaom/Documents/Trab_AOC/src/cpu/dmem.vhd Line: 32
    Info (12023): Found entity 1: dmem File: C:/Users/joaom/Documents/Trab_AOC/src/cpu/dmem.vhd Line: 19
Info (12021): Found 2 design units, including 1 entities, in source file src/cpu/riscv_core.vhd
    Info (12022): Found design unit 1: riscv_core-rtl File: C:/Users/joaom/Documents/Trab_AOC/src/cpu/riscv_core.vhd Line: 45
    Info (12023): Found entity 1: riscv_core File: C:/Users/joaom/Documents/Trab_AOC/src/cpu/riscv_core.vhd Line: 24
Info (12021): Found 2 design units, including 1 entities, in source file src/io/bin2bcd.vhd
    Info (12022): Found design unit 1: bin2bcd-rtl File: C:/Users/joaom/Documents/Trab_AOC/src/io/bin2bcd.vhd Line: 31
    Info (12023): Found entity 1: bin2bcd File: C:/Users/joaom/Documents/Trab_AOC/src/io/bin2bcd.vhd Line: 20
Info (12021): Found 2 design units, including 1 entities, in source file src/io/seg7.vhd
    Info (12022): Found design unit 1: seg7-rtl File: C:/Users/joaom/Documents/Trab_AOC/src/io/seg7.vhd Line: 25
    Info (12023): Found entity 1: seg7 File: C:/Users/joaom/Documents/Trab_AOC/src/io/seg7.vhd Line: 18
Info (12021): Found 2 design units, including 1 entities, in source file src/io/display_unit.vhd
    Info (12022): Found design unit 1: display_unit-rtl File: C:/Users/joaom/Documents/Trab_AOC/src/io/display_unit.vhd Line: 36
    Info (12023): Found entity 1: display_unit File: C:/Users/joaom/Documents/Trab_AOC/src/io/display_unit.vhd Line: 22
Info (12021): Found 2 design units, including 1 entities, in source file src/io/riscv_de10lite.vhd
    Info (12022): Found design unit 1: riscv_de10lite-rtl File: C:/Users/joaom/Documents/Trab_AOC/src/io/riscv_de10lite.vhd Line: 46
    Info (12023): Found entity 1: riscv_de10lite File: C:/Users/joaom/Documents/Trab_AOC/src/io/riscv_de10lite.vhd Line: 28
Info (12127): Elaborating entity "riscv_de10lite" for the top level hierarchy
Warning (10036): Verilog HDL or VHDL warning at riscv_de10lite.vhd(59): object "dmem_re" assigned a value but never read File: C:/Users/joaom/Documents/Trab_AOC/src/io/riscv_de10lite.vhd Line: 59
Warning (10036): Verilog HDL or VHDL warning at riscv_de10lite.vhd(60): object "dmem_funct3" assigned a value but never read File: C:/Users/joaom/Documents/Trab_AOC/src/io/riscv_de10lite.vhd Line: 60
Info (12128): Elaborating entity "riscv_core" for hierarchy "riscv_core:u_core" File: C:/Users/joaom/Documents/Trab_AOC/src/io/riscv_de10lite.vhd Line: 102
Warning (10036): Verilog HDL or VHDL warning at riscv_core.vhd(67): object "alu_zero" assigned a value but never read File: C:/Users/joaom/Documents/Trab_AOC/src/cpu/riscv_core.vhd Line: 67
Info (12128): Elaborating entity "control" for hierarchy "riscv_core:u_core|control:u_ctrl" File: C:/Users/joaom/Documents/Trab_AOC/src/cpu/riscv_core.vhd Line: 85
Info (12128): Elaborating entity "regfile" for hierarchy "riscv_core:u_core|regfile:u_rf" File: C:/Users/joaom/Documents/Trab_AOC/src/cpu/riscv_core.vhd Line: 99
Info (12128): Elaborating entity "imm_gen" for hierarchy "riscv_core:u_core|imm_gen:u_imm" File: C:/Users/joaom/Documents/Trab_AOC/src/cpu/riscv_core.vhd Line: 111
Info (12128): Elaborating entity "alu" for hierarchy "riscv_core:u_core|alu:u_alu" File: C:/Users/joaom/Documents/Trab_AOC/src/cpu/riscv_core.vhd Line: 120
Info (12128): Elaborating entity "branch_unit" for hierarchy "riscv_core:u_core|branch_unit:u_br" File: C:/Users/joaom/Documents/Trab_AOC/src/cpu/riscv_core.vhd Line: 128
Info (12128): Elaborating entity "imem" for hierarchy "imem:u_imem" File: C:/Users/joaom/Documents/Trab_AOC/src/io/riscv_de10lite.vhd Line: 115
Info (12128): Elaborating entity "dmem" for hierarchy "dmem:u_dmem" File: C:/Users/joaom/Documents/Trab_AOC/src/io/riscv_de10lite.vhd Line: 123
Info (12128): Elaborating entity "display_unit" for hierarchy "display_unit:u_disp" File: C:/Users/joaom/Documents/Trab_AOC/src/io/riscv_de10lite.vhd Line: 170
Info (12128): Elaborating entity "bin2bcd" for hierarchy "display_unit:u_disp|bin2bcd:u_bcd" File: C:/Users/joaom/Documents/Trab_AOC/src/io/display_unit.vhd Line: 56
Info (12128): Elaborating entity "seg7" for hierarchy "display_unit:u_disp|seg7:\g_seg:0:u" File: C:/Users/joaom/Documents/Trab_AOC/src/io/display_unit.vhd Line: 98
Info (276014): Found 1 instances of uninferred RAM logic
    Info (276007): RAM logic "dmem:u_dmem|ram" is uninferred due to asynchronous read logic File: C:/Users/joaom/Documents/Trab_AOC/src/cpu/dmem.vhd Line: 34
Warning (13024): Output pins are stuck at VCC or GND
    Warning (13410): Pin "HEX0[7]" is stuck at VCC File: C:/Users/joaom/Documents/Trab_AOC/src/io/riscv_de10lite.vhd Line: 37
    Warning (13410): Pin "HEX1[7]" is stuck at VCC File: C:/Users/joaom/Documents/Trab_AOC/src/io/riscv_de10lite.vhd Line: 38
    Warning (13410): Pin "HEX2[7]" is stuck at VCC File: C:/Users/joaom/Documents/Trab_AOC/src/io/riscv_de10lite.vhd Line: 39
    Warning (13410): Pin "HEX3[7]" is stuck at VCC File: C:/Users/joaom/Documents/Trab_AOC/src/io/riscv_de10lite.vhd Line: 40
    Warning (13410): Pin "HEX4[7]" is stuck at VCC File: C:/Users/joaom/Documents/Trab_AOC/src/io/riscv_de10lite.vhd Line: 41
    Warning (13410): Pin "HEX5[7]" is stuck at VCC File: C:/Users/joaom/Documents/Trab_AOC/src/io/riscv_de10lite.vhd Line: 42
Info (286030): Timing-Driven Synthesis is running
Info (16010): Generating hard_block partition "hard_block:auto_generated_inst"
    Info (16011): Adding 0 node(s), including 0 DDIO, 0 PLL, 0 transceiver and 0 LCELL
Info (21057): Implemented 18278 device resources after synthesis - the final resource count might be different
    Info (21058): Implemented 13 input pins
    Info (21059): Implemented 58 output pins
    Info (21061): Implemented 18207 logic cells
Info: Quartus Prime Analysis & Synthesis was successful. 0 errors, 11 warnings
    Info: Peak virtual memory: 4961 megabytes
    Info: Processing ended: Sat Jun 20 02:15:22 2026
    Info: Elapsed time: 00:00:48
    Info: Total CPU time (on all processors): 00:00:57
Info: *******************************************************************
Info: Running Quartus Prime Fitter
    Info: Version 22.1std.2 Build 922 07/20/2023 SC Lite Edition
    Info: Processing started: Sat Jun 20 02:15:23 2026
Info: Command: quartus_fit --read_settings_files=off --write_settings_files=off riscv_de10lite -c riscv_de10lite
Info: qfit2_default_script.tcl version: #1
Info: Project  = riscv_de10lite
Info: Revision = riscv_de10lite
Warning (18236): Number of processors has not been specified which may cause overloading on shared machines.  Set the global assignment NUM_PARALLEL_PROCESSORS in your QSF to an appropriate value for best performance.
Info (20030): Parallel compilation is enabled and will use 4 of the 4 processors detected
Info (119006): Selected device 10M50DAF484C7G for design "riscv_de10lite"
Info (21076): High junction temperature operating condition is not set. Assuming a default value of '85'.
Info (21076): Low junction temperature operating condition is not set. Assuming a default value of '0'.
Info (171003): Fitter is performing an Auto Fit compilation, which may decrease Fitter effort to reduce compilation time
Warning (292013): Feature LogicLock is only available with a valid subscription license. You can purchase a software subscription to gain full access to this feature.
Info (176444): Device migration not selected. If you intend to use device migration later, you may need to change the pin assignments as they may be incompatible with other devices
    Info (176445): Device 10M08DAF484I7G is compatible
    Info (176445): Device 10M08DAF484I7P is compatible
    Info (176445): Device 10M16DAF484A7G is compatible
    Info (176445): Device 10M16DAF484C7G is compatible
    Info (176445): Device 10M16DAF484I7G is compatible
    Info (176445): Device 10M16DAF484I7P is compatible
    Info (176445): Device 10M25DAF484A7G is compatible
    Info (176445): Device 10M25DAF484C7G is compatible
    Info (176445): Device 10M25DAF484I7G is compatible
    Info (176445): Device 10M50DAF484I7G is compatible
    Info (176445): Device 10M50DAF484I7P is compatible
    Info (176445): Device 10M40DAF484C7G is compatible
    Info (176445): Device 10M40DAF484I7G is compatible
Info (169124): Fitter converted 8 user pins into dedicated programming pins
    Info (169125): Pin ~ALTERA_TMS~ is reserved at location H2
    Info (169125): Pin ~ALTERA_TCK~ is reserved at location G2
    Info (169125): Pin ~ALTERA_TDI~ is reserved at location L4
    Info (169125): Pin ~ALTERA_TDO~ is reserved at location M5
    Info (169125): Pin ~ALTERA_CONFIG_SEL~ is reserved at location H10
    Info (169125): Pin ~ALTERA_nCONFIG~ is reserved at location H9
    Info (169125): Pin ~ALTERA_nSTATUS~ is reserved at location G9
    Info (169125): Pin ~ALTERA_CONF_DONE~ is reserved at location F8
Info (169141): DATA[0] dual-purpose pin not reserved
Info (12825): Data[1]/ASDO dual-purpose pin not reserved
Info (12825): nCSO dual-purpose pin not reserved
Info (12825): DCLK dual-purpose pin not reserved
Warning (15714): Some pins have incomplete I/O assignments. Refer to the I/O Assignment Warnings report for details
Info (332104): Reading SDC File: 'sdc/riscv_de10lite.sdc'
Info (332151): Clock uncertainty is not calculated until you update the timing netlist.
Info (332154): The derive_clock_uncertainty command did not apply clock uncertainty to any clock-to-clock transfers.
Info (332129): Detected timing requirements -- optimizing circuit to achieve only the specified requirements
Info (332111): Found 1 clocks
    Info (332111):   Period   Clock Name
    Info (332111): ======== ============
    Info (332111):   20.000 MAX10_CLK1_50
Info (176353): Automatically promoted node MAX10_CLK1_50~input (placed in PIN P11 (CLK7p, DIFFIO_TX_RX_B20p, DIFFOUT_B20p, High_Speed)) File: C:/Users/joaom/Documents/Trab_AOC/src/io/riscv_de10lite.vhd Line: 33
    Info (176355): Automatically promoted destinations to use location or clock signal Global Clock CLKCTRL_G19
Info (176233): Starting register packing
Info (176235): Finished register packing
    Extra Info (176219): No registers were packed into other blocks
Info (171121): Fitter preparation operations ending: elapsed time is 00:00:07
Info (14896): Fitter has disabled Advanced Physical Optimization because it is not supported for the current family.
Info (170189): Fitter placement preparation operations beginning
Info (170190): Fitter placement preparation operations ending: elapsed time is 00:00:03
Info (170191): Fitter placement operations beginning
Info (170137): Fitter placement was successful
Info (170192): Fitter placement operations ending: elapsed time is 00:00:26
Info (170193): Fitter routing operations beginning
Info (170195): Router estimated average interconnect usage is 15% of the available device resources
    Info (170196): Router estimated peak interconnect usage is 67% of the available device resources in the region that extends from location X33_Y11 to location X44_Y21
Info (170199): The Fitter performed an Auto Fit compilation.  Optimizations were skipped to reduce compilation time.
    Info (170201): Optimizations that may affect the design's routability were skipped
Info (170194): Fitter routing operations ending: elapsed time is 00:07:13
Info (11888): Total time spent on timing analysis during the Fitter is 22.15 seconds.
Info (334003): Started post-fitting delay annotation
Info (334004): Delay annotation completed successfully
Info (334003): Started post-fitting delay annotation
Info (334004): Delay annotation completed successfully
Info (11218): Fitter post-fit operations ending: elapsed time is 00:00:15
Warning (169177): 13 pins must meet Intel FPGA requirements for 3.3-, 3.0-, and 2.5-V interfaces. For more information, refer to AN 447: Interfacing MAX 10 Devices with 3.3/3.0/2.5-V LVTTL/LVCMOS I/O Systems.
    Info (169178): Pin KEY[0] uses I/O standard 3.3-V LVTTL at B8 File: C:/Users/joaom/Documents/Trab_AOC/src/io/riscv_de10lite.vhd Line: 34
    Info (169178): Pin MAX10_CLK1_50 uses I/O standard 3.3-V LVTTL at P11 File: C:/Users/joaom/Documents/Trab_AOC/src/io/riscv_de10lite.vhd Line: 33
    Info (169178): Pin SW[0] uses I/O standard 3.3-V LVTTL at C10 File: C:/Users/joaom/Documents/Trab_AOC/src/io/riscv_de10lite.vhd Line: 35
    Info (169178): Pin SW[4] uses I/O standard 3.3-V LVTTL at A12 File: C:/Users/joaom/Documents/Trab_AOC/src/io/riscv_de10lite.vhd Line: 35
    Info (169178): Pin KEY[1] uses I/O standard 3.3-V LVTTL at A7 File: C:/Users/joaom/Documents/Trab_AOC/src/io/riscv_de10lite.vhd Line: 34
    Info (169178): Pin SW[1] uses I/O standard 3.3-V LVTTL at C11 File: C:/Users/joaom/Documents/Trab_AOC/src/io/riscv_de10lite.vhd Line: 35
    Info (169178): Pin SW[2] uses I/O standard 3.3-V LVTTL at D12 File: C:/Users/joaom/Documents/Trab_AOC/src/io/riscv_de10lite.vhd Line: 35
    Info (169178): Pin SW[3] uses I/O standard 3.3-V LVTTL at C12 File: C:/Users/joaom/Documents/Trab_AOC/src/io/riscv_de10lite.vhd Line: 35
    Info (169178): Pin SW[9] uses I/O standard 3.3-V LVTTL at F15 File: C:/Users/joaom/Documents/Trab_AOC/src/io/riscv_de10lite.vhd Line: 35
    Info (169178): Pin SW[8] uses I/O standard 3.3-V LVTTL at B14 File: C:/Users/joaom/Documents/Trab_AOC/src/io/riscv_de10lite.vhd Line: 35
    Info (169178): Pin SW[7] uses I/O standard 3.3-V LVTTL at A14 File: C:/Users/joaom/Documents/Trab_AOC/src/io/riscv_de10lite.vhd Line: 35
    Info (169178): Pin SW[6] uses I/O standard 3.3-V LVTTL at A13 File: C:/Users/joaom/Documents/Trab_AOC/src/io/riscv_de10lite.vhd Line: 35
    Info (169178): Pin SW[5] uses I/O standard 3.3-V LVTTL at B12 File: C:/Users/joaom/Documents/Trab_AOC/src/io/riscv_de10lite.vhd Line: 35
Info (144001): Generated suppressed messages file C:/Users/joaom/Documents/Trab_AOC/output_files/riscv_de10lite.fit.smsg
Info: Quartus Prime Fitter was successful. 0 errors, 4 warnings
    Info: Peak virtual memory: 5841 megabytes
    Info: Processing ended: Sat Jun 20 02:23:38 2026
    Info: Elapsed time: 00:08:15
    Info: Total CPU time (on all processors): 00:09:55
Info: *******************************************************************
Info: Running Quartus Prime Assembler
    Info: Version 22.1std.2 Build 922 07/20/2023 SC Lite Edition
    Info: Processing started: Sat Jun 20 02:23:39 2026
Info: Command: quartus_asm --read_settings_files=off --write_settings_files=off riscv_de10lite -c riscv_de10lite
Warning (18236): Number of processors has not been specified which may cause overloading on shared machines.  Set the global assignment NUM_PARALLEL_PROCESSORS in your QSF to an appropriate value for best performance.
Info (115031): Writing out detailed assembly data for power analysis
Info (115030): Assembler is generating device programming files
Info: Quartus Prime Assembler was successful. 0 errors, 1 warning
    Info: Peak virtual memory: 4897 megabytes
    Info: Processing ended: Sat Jun 20 02:23:42 2026
    Info: Elapsed time: 00:00:03
    Info: Total CPU time (on all processors): 00:00:03
Info (293026): Skipped module Power Analyzer due to the assignment FLOW_ENABLE_POWER_ANALYZER
Info: *******************************************************************
Info: Running Quartus Prime Timing Analyzer
    Info: Version 22.1std.2 Build 922 07/20/2023 SC Lite Edition
    Info: Processing started: Sat Jun 20 02:23:43 2026
Info: Command: quartus_sta riscv_de10lite -c riscv_de10lite
Info: qsta_default_script.tcl version: #1
Warning (18236): Number of processors has not been specified which may cause overloading on shared machines.  Set the global assignment NUM_PARALLEL_PROCESSORS in your QSF to an appropriate value for best performance.
Info (20030): Parallel compilation is enabled and will use 4 of the 4 processors detected
Info (21076): High junction temperature operating condition is not set. Assuming a default value of '85'.
Info (21076): Low junction temperature operating condition is not set. Assuming a default value of '0'.
Info (332104): Reading SDC File: 'sdc/riscv_de10lite.sdc'
Info (332151): Clock uncertainty is not calculated until you update the timing netlist.
Info (332123): Deriving Clock Uncertainty. Please refer to report_sdc in the Timing Analyzer to see clock uncertainties.
Info: Found TIMING_ANALYZER_REPORT_SCRIPT_INCLUDE_DEFAULT_ANALYSIS = ON
Info: Analyzing Slow 1200mV 85C Model
Info: Can't run Report Timing Closure Recommendations. The current device family is not supported.
Critical Warning (332148): Timing requirements not met
Info (332146): Worst-case setup slack is -6.018
    Info (332119):     Slack       End Point TNS Clock 
    Info (332119): ========= =================== =====================
    Info (332119):    -6.018          -18102.463 MAX10_CLK1_50 
Info (332146): Worst-case hold slack is 0.341
    Info (332119):     Slack       End Point TNS Clock 
    Info (332119): ========= =================== =====================
    Info (332119):     0.341               0.000 MAX10_CLK1_50 
Info (332140): No Recovery paths to report
Info (332140): No Removal paths to report
Info (332146): Worst-case minimum pulse width slack is 9.624
    Info (332119):     Slack       End Point TNS Clock 
    Info (332119): ========= =================== =====================
    Info (332119):     9.624               0.000 MAX10_CLK1_50 
Info: Analyzing Slow 1200mV 0C Model
Info (334003): Started post-fitting delay annotation
Info (334004): Delay annotation completed successfully
Info (332123): Deriving Clock Uncertainty. Please refer to report_sdc in the Timing Analyzer to see clock uncertainties.
Critical Warning (332148): Timing requirements not met
Info (332146): Worst-case setup slack is -4.226
    Info (332119):     Slack       End Point TNS Clock 
    Info (332119): ========= =================== =====================
    Info (332119):    -4.226           -5459.888 MAX10_CLK1_50 
Info (332146): Worst-case hold slack is 0.306
    Info (332119):     Slack       End Point TNS Clock 
    Info (332119): ========= =================== =====================
    Info (332119):     0.306               0.000 MAX10_CLK1_50 
Info (332140): No Recovery paths to report
Info (332140): No Removal paths to report
Info (332146): Worst-case minimum pulse width slack is 9.650
    Info (332119):     Slack       End Point TNS Clock 
    Info (332119): ========= =================== =====================
    Info (332119):     9.650               0.000 MAX10_CLK1_50 
Info: Analyzing Fast 1200mV 0C Model
Info (332123): Deriving Clock Uncertainty. Please refer to report_sdc in the Timing Analyzer to see clock uncertainties.
Info (332146): Worst-case setup slack is 8.456
    Info (332119):     Slack       End Point TNS Clock 
    Info (332119): ========= =================== =====================
    Info (332119):     8.456               0.000 MAX10_CLK1_50 
Info (332146): Worst-case hold slack is 0.149
    Info (332119):     Slack       End Point TNS Clock 
    Info (332119): ========= =================== =====================
    Info (332119):     0.149               0.000 MAX10_CLK1_50 
Info (332140): No Recovery paths to report
Info (332140): No Removal paths to report
Info (332146): Worst-case minimum pulse width slack is 9.297
    Info (332119):     Slack       End Point TNS Clock 
    Info (332119): ========= =================== =====================
    Info (332119):     9.297               0.000 MAX10_CLK1_50 
Info (332101): Design is fully constrained for setup requirements
Info (332101): Design is fully constrained for hold requirements
Info: Quartus Prime Timing Analyzer was successful. 0 errors, 3 warnings
    Info: Peak virtual memory: 5075 megabytes
    Info: Processing ended: Sat Jun 20 02:23:56 2026
    Info: Elapsed time: 00:00:13
    Info: Total CPU time (on all processors): 00:00:28
Info (293000): Quartus Prime Full Compilation was successful. 0 errors, 19 warnings
Info (23030): Evaluation of Tcl script d:/altera_lite/22.1/quartus/common/tcl/internal/qsh_flow.tcl was successful
Info: Quartus Prime Shell was successful. 0 errors, 19 warnings
    Info: Peak virtual memory: 4645 megabytes
    Info: Processing ended: Sat Jun 20 02:23:56 2026
    Info: Elapsed time: 00:09:23
    Info: Total CPU time (on all processors): 00:12:21
[compile exit rc=0 Sat Jun 20 02:23:56 ESAST 2026]
